TN:
SF:src/AddressBook.sol
FN:13,AddressBook.isMilady
FNDA:14,AddressBook.isMilady
DA:14,14
DA:15,2
FNF:1
FNH:1
LF:2
LH:2
BRF:0
BRH:0
end_of_record
TN:
SF:src/Mileidy.sol
FN:47,Mileidy.mint
FNDA:330,Mileidy.mint
DA:48,330
BRDA:48,0,0,3
BRDA:48,0,1,327
DA:49,3
DA:51,327
FN:56,Mileidy.mintlady
FNDA:10,Mileidy.mintlady
DA:57,10
BRDA:57,1,0,1
BRDA:57,1,1,9
DA:58,1
DA:60,9
FN:67,Mileidy._doMint
FNDA:336,Mileidy._doMint
DA:68,336
BRDA:68,2,0,1
BRDA:68,2,1,335
DA:70,335
DA:71,37992
DA:72,37990
BRDA:72,3,0,1903
BRDA:72,3,1,37990
DA:73,1903
DA:78,333
BRDA:78,4,0,1
BRDA:78,4,1,332
FN:84,Mileidy.tokenURI
FNDA:7,Mileidy.tokenURI
DA:85,7
BRDA:85,5,0,3
BRDA:85,5,1,4
DA:86,4
FN:91,Mileidy.setBaseURI
FNDA:5,Mileidy.setBaseURI
DA:92,4
FN:98,Mileidy.withdraw
FNDA:4,Mileidy.withdraw
DA:99,3
BRDA:99,6,0,2
BRDA:99,6,1,1
DA:100,2
DA:103,1
DA:106,1
DA:107,1
FN:111,Mileidy.name
FNDA:1,Mileidy.name
DA:112,1
FN:116,Mileidy.symbol
FNDA:1,Mileidy.symbol
DA:117,1
FNF:8
FNH:8
LF:22
LH:22
BRF:14
BRH:14
end_of_record
